<?xml version="1.0" encoding="UTF-8"?>
<testsuites>
  <testsuite name="pullandbeer" timestamp="2022-11-30T21:08:31" time="7.87" tests="1" failures="0" errors="0" skipped="0">
    <properties>
      <property name="specId" value="0"/>
      <property name="suiteName" value="pullandbeer"/>
      <property name="capabilities" value="chrome.107_0_5304_122.windows"/>
      <property name="file" value=".\specs\My.spec.js"/>
    </properties>
    <testcase classname="chrome.107_0_5304_122.windows.pullandbeer" name="should display product" time="7.867">
      <system-out><![CDATA[
COMMAND: POST /session/acec32cac5d88525ccd3f899e32a45b7/url - {"url":"https://www.pullandbear.com/"}
RESULT: {"url":"https://www.pullandbear.com/"}
COMMAND: POST /session/acec32cac5d88525ccd3f899e32a45b7/window/rect - {"x":null,"y":null,"width":1280,"height":720}
RESULT: {"x":null,"y":null,"width":1280,"height":720}
COMMAND: POST /session/acec32cac5d88525ccd3f899e32a45b7/element - {"using":"css selector","value":"#continueButton"}
RESULT: {"using":"css selector","value":"#continueButton"}
COMMAND: POST /session/acec32cac5d88525ccd3f899e32a45b7/element/63813155-ac9f-4690-9ad3-129a5d5301f6/click - {}
RESULT: {}
COMMAND: POST /session/acec32cac5d88525ccd3f899e32a45b7/element - {"using":"css selector","value":".c-genre-selector-item"}
RESULT: {"using":"css selector","value":".c-genre-selector-item"}
COMMAND: POST /session/acec32cac5d88525ccd3f899e32a45b7/elements - {"using":"css selector","value":".c-genre-selector-item"}
RESULT: {"using":"css selector","value":".c-genre-selector-item"}
COMMAND: POST /session/acec32cac5d88525ccd3f899e32a45b7/elements - {"using":"css selector","value":".c-genre-selector-item"}
RESULT: {"using":"css selector","value":".c-genre-selector-item"}
COMMAND: POST /session/acec32cac5d88525ccd3f899e32a45b7/element - {"using":"css selector","value":".c-genre-selector-item"}
RESULT: {"using":"css selector","value":".c-genre-selector-item"}
COMMAND: POST /session/acec32cac5d88525ccd3f899e32a45b7/element/3c804e03-9d67-4039-8234-9d87a7f2ecb2/click - {}
RESULT: {}
COMMAND: POST /session/acec32cac5d88525ccd3f899e32a45b7/element - {"using":"xpath","value":"//span[@class=\"c-main-nav-link-name\" and contains(text(),\"Новинки\")]/parent::*/parent::a"}
RESULT: {"using":"xpath","value":"//span[@class=\"c-main-nav-link-name\" and contains(text(),\"Новинки\")]/parent::*/parent::a"}
COMMAND: POST /session/acec32cac5d88525ccd3f899e32a45b7/element/d6e41d8a-cb32-4241-a6c4-7567c332704a/click - {}
RESULT: {}
COMMAND: POST /session/acec32cac5d88525ccd3f899e32a45b7/element - {"using":"xpath","value":"//span[contains(text(), \"Длинное двубортное пальто\")][1]"}
RESULT: {"using":"xpath","value":"//span[contains(text(), \"Длинное двубортное пальто\")][1]"}
COMMAND: POST /session/acec32cac5d88525ccd3f899e32a45b7/elements - {"using":"xpath","value":"//span[contains(text(), \"Длинное двубортное пальто\")][1]"}
RESULT: {"using":"xpath","value":"//span[contains(text(), \"Длинное двубортное пальто\")][1]"}
COMMAND: POST /session/acec32cac5d88525ccd3f899e32a45b7/elements - {"using":"xpath","value":"//span[contains(text(), \"Длинное двубортное пальто\")][1]"}
RESULT: {"using":"xpath","value":"//span[contains(text(), \"Длинное двубортное пальто\")][1]"}
COMMAND: POST /session/acec32cac5d88525ccd3f899e32a45b7/elements - {"using":"xpath","value":"//span[contains(text(), \"Длинное двубортное пальто\")][1]"}
RESULT: {"using":"xpath","value":"//span[contains(text(), \"Длинное двубортное пальто\")][1]"}
COMMAND: DELETE /session/acec32cac5d88525ccd3f899e32a45b7 - {}
RESULT: {}
]]></system-out>
    </testcase>
  </testsuite>
</testsuites>