<?xml version="1.0" encoding="UTF-8"?>
<testsuites>
  <testsuite name="pastebin" timestamp="2022-11-30T21:08:31" time="2.385" tests="1" failures="0" errors="0" skipped="0">
    <properties>
      <property name="specId" value="0"/>
      <property name="suiteName" value="pastebin"/>
      <property name="capabilities" value="chrome.107_0_5304_122.windows"/>
      <property name="file" value=".\specs\bringItOn.spec.js"/>
    </properties>
    <testcase classname="chrome.107_0_5304_122.windows.pastebin" name="Bring It On" time="2.384">
      <system-out><![CDATA[
COMMAND: POST /session/7f8f1fdfd1bbd96fd0ba1f3fe2c92ca0/url - {"url":"https://pastebin.com/"}
RESULT: {"url":"https://pastebin.com/"}
COMMAND: POST /session/7f8f1fdfd1bbd96fd0ba1f3fe2c92ca0/window/rect - {"x":null,"y":null,"width":1280,"height":720}
RESULT: {"x":null,"y":null,"width":1280,"height":720}
COMMAND: POST /session/7f8f1fdfd1bbd96fd0ba1f3fe2c92ca0/element - {"using":"css selector","value":"#postform-text"}
RESULT: {"using":"css selector","value":"#postform-text"}
COMMAND: POST /session/7f8f1fdfd1bbd96fd0ba1f3fe2c92ca0/element/8fe9dcdc-fe9d-4606-946e-906ac6bd24cd/clear - {}
RESULT: {}
COMMAND: POST /session/7f8f1fdfd1bbd96fd0ba1f3fe2c92ca0/element/8fe9dcdc-fe9d-4606-946e-906ac6bd24cd/value - {"text":"Hello from WebDriver"}
RESULT: {"text":"Hello from WebDriver"}
COMMAND: POST /session/7f8f1fdfd1bbd96fd0ba1f3fe2c92ca0/element - {"using":"css selector","value":"#postform-expiration"}
RESULT: {"using":"css selector","value":"#postform-expiration"}
COMMAND: POST /session/7f8f1fdfd1bbd96fd0ba1f3fe2c92ca0/execute/sync - {"script":"return (function (elem) {\n        return (function () {\n        return this.parentElement;\n    }).call(elem);\n    }).apply(null, arguments)","args":[{"element-6066-11e4-a52e-4f735466cecf":"32c15c43-447c-4678-a4b8-de3631a7f5f1","ELEMENT":"32c15c43-447c-4678-a4b8-de3631a7f5f1"}]}
RESULT: {"script":"return (function (elem) {\n        return (function () {\n        return this.parentElement;\n    }).call(elem);\n    }).apply(null, arguments)","args":[{"element-6066-11e4-a52e-4f735466cecf":"32c15c43-447c-4678-a4b8-de3631a7f5f1","ELEMENT":"32c15c43-447c-4678-a4b8-de3631a7f5f1"}]}
COMMAND: POST /session/7f8f1fdfd1bbd96fd0ba1f3fe2c92ca0/element/f72026c7-3af0-4543-9164-1dc2090efaec/element - {"using":"css selector","value":".selection"}
RESULT: {"using":"css selector","value":".selection"}
COMMAND: POST /session/7f8f1fdfd1bbd96fd0ba1f3fe2c92ca0/element/014df637-d4b4-47da-b6d0-1504cce8afec/click - {}
RESULT: {}
COMMAND: POST /session/7f8f1fdfd1bbd96fd0ba1f3fe2c92ca0/element - {"using":"xpath","value":"//li[text()=\"10 Minutes\"]"}
RESULT: {"using":"xpath","value":"//li[text()=\"10 Minutes\"]"}
COMMAND: POST /session/7f8f1fdfd1bbd96fd0ba1f3fe2c92ca0/element/4caa6ec2-adce-48c6-bcb0-4ef6456da8c9/click - {}
RESULT: {}
COMMAND: POST /session/7f8f1fdfd1bbd96fd0ba1f3fe2c92ca0/element - {"using":"css selector","value":"#postform-name"}
RESULT: {"using":"css selector","value":"#postform-name"}
COMMAND: POST /session/7f8f1fdfd1bbd96fd0ba1f3fe2c92ca0/element/5046bf53-8e64-483d-b9d6-3e7bfef810f9/clear - {}
RESULT: {}
COMMAND: POST /session/7f8f1fdfd1bbd96fd0ba1f3fe2c92ca0/element/5046bf53-8e64-483d-b9d6-3e7bfef810f9/value - {"text":"helloweb"}
RESULT: {"text":"helloweb"}
COMMAND: POST /session/7f8f1fdfd1bbd96fd0ba1f3fe2c92ca0/element - {"using":"css selector","value":".btn.-big"}
RESULT: {"using":"css selector","value":".btn.-big"}
COMMAND: POST /session/7f8f1fdfd1bbd96fd0ba1f3fe2c92ca0/element/3171f281-c69e-407f-90ac-953ac8780440/click - {}
RESULT: {}
COMMAND: GET /session/7f8f1fdfd1bbd96fd0ba1f3fe2c92ca0/title - {}
RESULT: {}
COMMAND: POST /session/7f8f1fdfd1bbd96fd0ba1f3fe2c92ca0/element - {"using":"xpath","value":"//a[contains(text(), \"text\")]"}
RESULT: {"using":"xpath","value":"//a[contains(text(), \"text\")]"}
COMMAND: GET /session/7f8f1fdfd1bbd96fd0ba1f3fe2c92ca0/element/560e786f-4c5a-4595-b216-d4fbd57f9db5/text - {}
RESULT: {}
COMMAND: POST /session/7f8f1fdfd1bbd96fd0ba1f3fe2c92ca0/element - {"using":"css selector","value":"ol"}
RESULT: {"using":"css selector","value":"ol"}
COMMAND: GET /session/7f8f1fdfd1bbd96fd0ba1f3fe2c92ca0/element/f4891262-f126-4bd2-b41d-55f4b015d0a1/text - {}
RESULT: {}
COMMAND: DELETE /session/7f8f1fdfd1bbd96fd0ba1f3fe2c92ca0 - {}
RESULT: {}
]]></system-out>
    </testcase>
  </testsuite>
</testsuites>